<?xml version="1.0" encoding="UTF-8"?>
<!-- Generated by org.testng.reporters.JUnitReportReporter -->
<testsuite hostname="SRINIVAS-G2005" failures="0" tests="1" name="automationBlogSpot.HandlingDatePicker1" time="46.473" errors="0" timestamp="2025-07-17T20:17:47 IST" skipped="0">
  <testcase classname="automationBlogSpot.HandlingDatePicker1" name="datePicker" time="46.473"/>
</testsuite> <!-- automationBlogSpot.HandlingDatePicker1 -->
