<?xml version="1.0" encoding="UTF-8"?>
<!-- Generated by org.testng.reporters.JUnitReportReporter -->
<testsuite hostname="SRINIVAS-G2005" failures="0" tests="1" name="automateNow.HandlingDatePicker" time="31.777" errors="0" timestamp="2025-03-31T20:33:19 IST" skipped="0">
  <testcase classname="automateNow.HandlingDatePicker" name="datePicker" time="31.777"/>
</testsuite> <!-- automateNow.HandlingDatePicker -->
