<?xml version="1.0" encoding="UTF-8"?>
<!-- Generated by org.testng.reporters.JUnitReportReporter -->
<testsuite hostname="SRINIVAS-G2005" failures="0" tests="1" name="automationBlogSpot.HandlingDatePicker1" time="41.262" errors="0" timestamp="2025-07-15T12:08:57 IST" skipped="0">
  <testcase classname="automationBlogSpot.HandlingDatePicker1" name="datePicker" time="41.262"/>
</testsuite> <!-- automationBlogSpot.HandlingDatePicker1 -->
