<?xml version="1.0" encoding="UTF-8"?>
<!-- Generated by org.testng.reporters.JUnitReportReporter -->
<testsuite hostname="SRINIVAS-G2005" failures="0" tests="2" name="demoQA.HandlingDatePicker" time="1.776" errors="0" timestamp="2025-03-25T19:14:16 IST" skipped="0">
  <testcase classname="demoQA.HandlingDatePicker" name="usingCalander" time="1.447"/>
  <testcase classname="demoQA.HandlingDatePicker" name="usingSendKeys" time="0.329"/>
</testsuite> <!-- demoQA.HandlingDatePicker -->
